{
  message: '🛢 Database connection successful',
  level: 'info',
  label: 'UMS',
  timestamp: '2023-06-08T06:03:46.867Z'
}
{
  message: 'Server is  listening on port 5000',
  level: 'info',
  label: 'UMS',
  timestamp: '2023-06-08T06:03:46.889Z'
}
{
  message: '🛢 Database connection successful',
  level: 'info',
  label: 'UMS',
  timestamp: '2023-06-08T06:06:34.822Z'
}
{
  message: 'Server is  listening on port 5000',
  level: 'info',
  label: 'UMS',
  timestamp: '2023-06-08T06:06:34.849Z'
}
{
  message: '🛢 Database connection successful',
  level: 'info',
  label: 'UMS',
  timestamp: '2023-06-08T06:06:44.440Z'
}
{
  message: 'Server is  listening on port 5000',
  level: 'info',
  label: 'UMS',
  timestamp: '2023-06-08T06:06:44.467Z'
}
{
  message: '🛢 Database connection successful',
  level: 'info',
  label: 'UMS',
  timestamp: '2023-06-08T06:06:53.465Z'
}
{
  message: 'Server is  listening on port 5000',
  level: 'info',
  label: 'UMS',
  timestamp: '2023-06-08T06:06:53.483Z'
}
{
  message: '🛢 Database connection successful',
  level: 'info',
  label: 'UMS',
  timestamp: '2023-06-08T06:07:04.704Z'
}
{
  message: 'Server is  listening on port 5000',
  level: 'info',
  label: 'UMS',
  timestamp: '2023-06-08T06:07:04.721Z'
}
{
  message: '🛢 Database connection successful',
  level: 'info',
  label: 'UMS',
  timestamp: '2023-06-08T06:07:27.937Z'
}
{
  message: 'Server is  listening on port 5000',
  level: 'info',
  label: 'UMS',
  timestamp: '2023-06-08T06:07:27.963Z'
}
{
  message: '🛢 Database connection successful',
  level: 'info',
  label: 'UMS',
  timestamp: '2023-06-08T06:07:41.790Z'
}
{
  message: 'Server is  listening on port 5000',
  level: 'info',
  label: 'UMS',
  timestamp: '2023-06-08T06:07:41.817Z'
}
{
  message: '🛢 Database connection successful',
  level: 'info',
  label: 'UMS',
  timestamp: '2023-06-08T06:08:04.135Z'
}
{
  message: 'Server is  listening on port 5000',
  level: 'info',
  label: 'UMS',
  timestamp: '2023-06-08T06:08:04.163Z'
}
{
  message: '🛢 Database connection successful',
  level: 'info',
  label: 'UMS',
  timestamp: '2023-06-08T06:08:15.173Z'
}
{
  message: 'Server is  listening on port 5000',
  level: 'info',
  label: 'UMS',
  timestamp: '2023-06-08T06:08:15.191Z'
}
{
  message: '🛢 Database connection successful',
  level: 'info',
  label: 'UMS',
  timestamp: '2023-06-08T06:13:07.713Z'
}
{
  message: 'Server is  listening on port 5000',
  level: 'info',
  label: 'UMS',
  timestamp: '2023-06-08T06:13:07.733Z'
}
