{
  message: '🛢 Database connection successful',
  level: 'info',
  label: 'UMS',
  timestamp: '2023-06-08T16:00:05.234Z'
}
{
  message: 'Server is  listening on port 5000',
  level: 'info',
  label: 'UMS',
  timestamp: '2023-06-08T16:00:05.283Z'
}
{
  message: '🛢 Database connection successful',
  level: 'info',
  label: 'UMS',
  timestamp: '2023-06-08T16:00:31.727Z'
}
{
  message: 'Server is  listening on port 5000',
  level: 'info',
  label: 'UMS',
  timestamp: '2023-06-08T16:00:31.773Z'
}
{
  message: '🛢 Database connection successful',
  level: 'info',
  label: 'UMS',
  timestamp: '2023-06-08T16:00:45.968Z'
}
{
  message: 'Server is  listening on port 5000',
  level: 'info',
  label: 'UMS',
  timestamp: '2023-06-08T16:00:45.999Z'
}
{
  message: '🛢 Database connection successful',
  level: 'info',
  label: 'UMS',
  timestamp: '2023-06-08T16:01:08.182Z'
}
{
  message: 'Server is  listening on port 5000',
  level: 'info',
  label: 'UMS',
  timestamp: '2023-06-08T16:01:08.228Z'
}
{
  message: '🛢 Database connection successful',
  level: 'info',
  label: 'UMS',
  timestamp: '2023-06-08T16:01:26.109Z'
}
{
  message: 'Server is  listening on port 5000',
  level: 'info',
  label: 'UMS',
  timestamp: '2023-06-08T16:01:26.128Z'
}
{
  message: '🛢 Database connection successful',
  level: 'info',
  label: 'UMS',
  timestamp: '2023-06-08T16:05:49.685Z'
}
{
  message: 'Server is  listening on port 5000',
  level: 'info',
  label: 'UMS',
  timestamp: '2023-06-08T16:05:49.703Z'
}
{
  message: '🛢 Database connection successful',
  level: 'info',
  label: 'UMS',
  timestamp: '2023-06-08T16:06:04.074Z'
}
{
  message: 'Server is  listening on port 5000',
  level: 'info',
  label: 'UMS',
  timestamp: '2023-06-08T16:06:04.099Z'
}
{
  message: '🛢 Database connection successful',
  level: 'info',
  label: 'UMS',
  timestamp: '2023-06-08T16:06:27.093Z'
}
{
  message: 'Server is  listening on port 5000',
  level: 'info',
  label: 'UMS',
  timestamp: '2023-06-08T16:06:27.135Z'
}
{
  message: '🛢 Database connection successful',
  level: 'info',
  label: 'UMS',
  timestamp: '2023-06-08T16:06:51.788Z'
}
{
  message: 'Server is  listening on port 5000',
  level: 'info',
  label: 'UMS',
  timestamp: '2023-06-08T16:06:51.810Z'
}
{
  message: '🛢 Database connection successful',
  level: 'info',
  label: 'UMS',
  timestamp: '2023-06-08T16:07:36.408Z'
}
{
  message: 'Server is  listening on port 5000',
  level: 'info',
  label: 'UMS',
  timestamp: '2023-06-08T16:07:36.481Z'
}
{
  message: '🛢 Database connection successful',
  level: 'info',
  label: 'UMS',
  timestamp: '2023-06-08T16:10:52.410Z'
}
{
  message: 'Server is  listening on port 5000',
  level: 'info',
  label: 'UMS',
  timestamp: '2023-06-08T16:10:52.475Z'
}
{
  message: '🛢 Database connection successful',
  level: 'info',
  label: 'UMS',
  timestamp: '2023-06-08T16:11:43.776Z'
}
{
  message: 'Server is  listening on port 5000',
  level: 'info',
  label: 'UMS',
  timestamp: '2023-06-08T16:11:43.810Z'
}
{
  message: '🛢 Database connection successful',
  level: 'info',
  label: 'UMS',
  timestamp: '2023-06-08T16:11:52.115Z'
}
{
  message: 'Server is  listening on port 5000',
  level: 'info',
  label: 'UMS',
  timestamp: '2023-06-08T16:11:52.135Z'
}
{
  message: '🛢 Database connection successful',
  level: 'info',
  label: 'UMS',
  timestamp: '2023-06-08T16:19:49.672Z'
}
{
  message: 'Server is  listening on port 5000',
  level: 'info',
  label: 'UMS',
  timestamp: '2023-06-08T16:19:49.698Z'
}
{
  message: '🛢 Database connection successful',
  level: 'info',
  label: 'UMS',
  timestamp: '2023-06-08T16:20:09.952Z'
}
{
  message: 'Server is  listening on port 5000',
  level: 'info',
  label: 'UMS',
  timestamp: '2023-06-08T16:20:09.975Z'
}
{
  message: '🛢 Database connection successful',
  level: 'info',
  label: 'UMS',
  timestamp: '2023-06-08T16:20:38.351Z'
}
{
  message: 'Server is  listening on port 5000',
  level: 'info',
  label: 'UMS',
  timestamp: '2023-06-08T16:20:38.399Z'
}
