{
  message: '🛢 Database connection successful',
  level: 'info',
  label: 'UMS',
  timestamp: '2023-06-01T16:24:57.174Z'
}
{
  message: 'Server is  listening on port 5000',
  level: 'info',
  label: 'UMS',
  timestamp: '2023-06-01T16:24:57.192Z'
}
{
  message: '🛢 Database connection successful',
  level: 'info',
  label: 'UMS',
  timestamp: '2023-06-01T16:26:07.834Z'
}
{
  message: 'Server is  listening on port 5000',
  level: 'info',
  label: 'UMS',
  timestamp: '2023-06-01T16:26:07.858Z'
}
{
  message: '🛢 Database connection successful',
  level: 'info',
  label: 'UMS',
  timestamp: '2023-06-01T16:27:30.579Z'
}
{
  message: 'Server is  listening on port 5000',
  level: 'info',
  label: 'UMS',
  timestamp: '2023-06-01T16:27:30.615Z'
}
