{
  message: '🛢 Database connection successful',
  level: 'info',
  label: 'UMS',
  timestamp: '2023-06-08T15:56:27.822Z'
}
{
  message: 'Server is  listening on port 5000',
  level: 'info',
  label: 'UMS',
  timestamp: '2023-06-08T15:56:27.915Z'
}
{
  message: '🛢 Database connection successful',
  level: 'info',
  label: 'UMS',
  timestamp: '2023-06-08T15:58:06.720Z'
}
{
  message: 'Server is  listening on port 5000',
  level: 'info',
  label: 'UMS',
  timestamp: '2023-06-08T15:58:06.744Z'
}
{
  message: '🛢 Database connection successful',
  level: 'info',
  label: 'UMS',
  timestamp: '2023-06-08T15:59:54.341Z'
}
{
  message: 'Server is  listening on port 5000',
  level: 'info',
  label: 'UMS',
  timestamp: '2023-06-08T15:59:54.399Z'
}
